<?xml version="1.0" encoding="UTF-8"?>
<testng-results skipped="0" failed="0" ignored="0" total="1" passed="1">
  <reporter-output>
  </reporter-output>
  <suite name="Suite" duration-ms="409130" started-at="2021-02-28T18:56:53Z" finished-at="2021-02-28T19:03:42Z">
    <groups>
    </groups>
    <test name="Test" duration-ms="409130" started-at="2021-02-28T18:56:53Z" finished-at="2021-02-28T19:03:42Z">
      <class name="com.cucumber.testRunner.TestRunner">
        <test-method status="PASS" signature="setupClass()[pri:0, instance:com.cucumber.testRunner.TestRunner@57fffcd7]" name="setupClass" is-config="true" duration-ms="406" started-at="2021-02-28T18:56:53Z" finished-at="2021-02-28T18:56:54Z">
          <reporter-output>
          </reporter-output>
        </test-method> <!-- setupClass -->
        <test-method status="PASS" signature="feature(cucumber.api.testng.CucumberFeatureWrapper)[pri:0, instance:com.cucumber.testRunner.TestRunner@57fffcd7]" name="feature" duration-ms="402459" started-at="2021-02-28T18:56:54Z" data-provider="features1" finished-at="2021-02-28T19:03:36Z">
          <params>
            <param index="0">
              <value>
                <![CDATA[Number validations of Employees, Offices, Licensees, Jurisdictions]]>
              </value>
            </param>
          </params>
          <reporter-output>
          </reporter-output>
        </test-method> <!-- feature -->
        <test-method status="PASS" signature="tearDownClass()[pri:0, instance:com.cucumber.testRunner.TestRunner@57fffcd7]" name="tearDownClass" is-config="true" duration-ms="6090" started-at="2021-02-28T19:03:36Z" finished-at="2021-02-28T19:03:42Z">
          <reporter-output>
          </reporter-output>
        </test-method> <!-- tearDownClass -->
      </class> <!-- com.cucumber.testRunner.TestRunner -->
    </test> <!-- Test -->
  </suite> <!-- Suite -->
</testng-results>
